<?xml version="1.0" encoding="UTF-8" ?>
<testsuites name="vitest tests" tests="3" failures="0" errors="1" time="0.2">
    <testsuite name="src/alloc.test.ts" timestamp="2026-09-24T10:00:00" hostname="ci" tests="3" failures="0" errors="1" skipped="1" time="0.2">
        <testcase classname="src/alloc.test.ts" name="alloc &gt; allocates" time="0.004">
        </testcase>
        <testcase classname="src/alloc.test.ts" name="alloc &gt; reports" time="0.1">
            <error message="boom" type="Error">Error: boom</error>
        </testcase>
        <testcase classname="src/alloc.test.ts" name="alloc &gt; later" time="0">
            <skipped/>
        </testcase>
    </testsuite>
</testsuites>
